<?xml version="1.0" encoding="UTF-8"?>
<!-- Generated by org.testng.reporters.JUnitXMLReporter -->
<testsuite ignored="1" hostname="DESKTOP-16L34SG" failures="0" tests="9" name="Test" time="5.155" errors="0" timestamp="2024-03-25T12:21:34 IST">
  <testcase classname="TestNgproject.Demo" name="sample" time="0.019"/>
  <testcase classname="TestNgproject.Demo" name="sample" time="0.009"/>
  <testcase classname="TestNgproject.Demo" name="sample" time="0.013"/>
  <testcase classname="TestNgproject.Demo" name="sample" time="0.008"/>
  <testcase classname="TestNgproject.Demo" name="sample" time="0.01"/>
  <testcase classname="TestNgproject.testapi" name="getuser" time="4.402"/>
  <testcase classname="TestNgproject.testngxml" name="singleuserxml" time="0.193"/>
  <testcase classname="TestNgproject.testngxml" name="getuserxml" time="0.258"/>
  <testcase classname="TestNgproject.Autoclass" name="sampleone" time="0.002"/>
  <testcase classname="TestNgproject.testapi" name="singleuser" time="0.0">
    <ignored/>
  </testcase> <!-- singleuser -->
</testsuite> <!-- Test -->
