<?xml version="1.0" encoding="UTF-8"?>
<testng-results ignored="0" total="5" passed="5" failed="0" skipped="0">
  <reporter-output>
  </reporter-output>
  <suite started-at="2024-04-24T23:21:54 IST" name="Default suite" finished-at="2024-04-24T23:21:54 IST" duration-ms="237">
    <groups>
      <group name="windows.smoke">
        <method signature="Demo.sample()[pri:0, instance:TestNgproject.Demo@35d019a3]" name="sample" class="TestNgproject.Demo"/>
      </group> <!-- windows.smoke -->
    </groups>
    <test started-at="2024-04-24T23:21:54 IST" name="Default test" finished-at="2024-04-24T23:21:54 IST" duration-ms="237">
      <class name="TestNgproject.Demo">
        <test-method signature="sample()[pri:0, instance:TestNgproject.Demo@35d019a3]" started-at="2024-04-24T23:21:54 IST" name="sample" finished-at="2024-04-24T23:21:54 IST" duration-ms="21" status="PASS">
          <reporter-output>
          </reporter-output>
        </test-method> <!-- sample -->
        <test-method signature="sample()[pri:0, instance:TestNgproject.Demo@35d019a3]" started-at="2024-04-24T23:21:54 IST" name="sample" finished-at="2024-04-24T23:21:54 IST" duration-ms="10" status="PASS">
          <reporter-output>
          </reporter-output>
        </test-method> <!-- sample -->
        <test-method signature="sample()[pri:0, instance:TestNgproject.Demo@35d019a3]" started-at="2024-04-24T23:21:54 IST" name="sample" finished-at="2024-04-24T23:21:54 IST" duration-ms="5" status="PASS">
          <reporter-output>
          </reporter-output>
        </test-method> <!-- sample -->
        <test-method signature="sample()[pri:0, instance:TestNgproject.Demo@35d019a3]" started-at="2024-04-24T23:21:54 IST" name="sample" finished-at="2024-04-24T23:21:54 IST" duration-ms="3" status="PASS">
          <reporter-output>
          </reporter-output>
        </test-method> <!-- sample -->
        <test-method signature="sample()[pri:0, instance:TestNgproject.Demo@35d019a3]" started-at="2024-04-24T23:21:54 IST" name="sample" finished-at="2024-04-24T23:21:54 IST" duration-ms="9" status="PASS">
          <reporter-output>
          </reporter-output>
        </test-method> <!-- sample -->
      </class> <!-- TestNgproject.Demo -->
    </test> <!-- Default test -->
  </suite> <!-- Default suite -->
</testng-results>
